{
  "RSpec": {
    "coverage": {
      "/Users/ryan/turing/4module/projects/koroibos_olympics/config/environment.rb": [
        null,
        1,
        null,
        null,
        1
      ],
      "/Users/ryan/turing/4module/projects/koroibos_olympics/config/application.rb": [
        1,
        null,
        1,
        null,
        1,
        1,
        1,
        1,
        1,
        1,
        1,
        1,
        1,
        null,
        null,
        null,
        null,
        1,
        null,
        1,
        1,
        null,
        1,
        null,
        null,
        null,
        null,
        null,
        null,
        null,
        1,
        null,
        null
      ],
      "/Users/ryan/turing/4module/projects/koroibos_olympics/config/boot.rb": [
        1,
        null,
        1,
        1
      ],
      "/Users/ryan/turing/4module/projects/koroibos_olympics/config/environments/test.rb": [
        1,
        null,
        null,
        null,
        null,
        null,
        null,
        1,
        null,
        null,
        null,
        null,
        1,
        null,
        null,
        1,
        1,
        null,
        null,
        null,
        null,
        1,
        1,
        null,
        null,
        1,
        null,
        null,
        1,
        null,
        null,
        1,
        null,
        1,
        null,
        null,
        null,
        null,
        1,
        null,
        null,
        1,
        null,
        null,
        null,
        null
      ],
      "/Users/ryan/turing/4module/projects/koroibos_olympics/config/initializers/application_controller_renderer.rb": [
        null,
        null,
        null,
        null,
        null,
        null,
        null,
        null
      ],
      "/Users/ryan/turing/4module/projects/koroibos_olympics/config/initializers/assets.rb": [
        null,
        null,
        null,
        1,
        null,
        null,
        null,
        null,
        1,
        null,
        null,
        null,
        null,
        null
      ],
      "/Users/ryan/turing/4module/projects/koroibos_olympics/config/initializers/backtrace_silencers.rb": [
        null,
        null,
        null,
        null,
        null,
        null,
        null
      ],
      "/Users/ryan/turing/4module/projects/koroibos_olympics/config/initializers/content_security_policy.rb": [
        null,
        null,
        null,
        null,
        null,
        null,
        null,
        null,
        null,
        null,
        null,
        null,
        null,
        null,
        null,
        null,
        null,
        null,
        null,
        null,
        null,
        null,
        null,
        null,
        null
      ],
      "/Users/ryan/turing/4module/projects/koroibos_olympics/config/initializers/cookies_serializer.rb": [
        null,
        null,
        null,
        null,
        1
      ],
      "/Users/ryan/turing/4module/projects/koroibos_olympics/config/initializers/filter_parameter_logging.rb": [
        null,
        null,
        null,
        1
      ],
      "/Users/ryan/turing/4module/projects/koroibos_olympics/config/initializers/inflections.rb": [
        null,
        null,
        null,
        null,
        null,
        null,
        null,
        null,
        null,
        null,
        null,
        null,
        null,
        null,
        null,
        null
      ],
      "/Users/ryan/turing/4module/projects/koroibos_olympics/config/initializers/mime_types.rb": [
        null,
        null,
        null,
        null
      ],
      "/Users/ryan/turing/4module/projects/koroibos_olympics/config/initializers/wrap_parameters.rb": [
        null,
        null,
        null,
        null,
        null,
        null,
        1,
        2,
        null,
        null,
        null,
        null,
        null,
        null
      ],
      "/Users/ryan/turing/4module/projects/koroibos_olympics/config/routes.rb": [
        1,
        null,
        null
      ],
      "/Users/ryan/turing/4module/projects/koroibos_olympics/app/helpers/application_helper.rb": [
        1,
        null
      ],
      "/Users/ryan/turing/4module/projects/koroibos_olympics/app/models/event.rb": [
        1,
        1,
        null,
        1,
        1,
        1,
        null
      ],
      "/Users/ryan/turing/4module/projects/koroibos_olympics/app/models/application_record.rb": [
        1,
        1,
        null
      ],
      "/Users/ryan/turing/4module/projects/koroibos_olympics/spec/models/game_spec.rb": [
        1,
        null,
        1,
        1,
        2,
        null,
        null,
        1,
        2,
        2,
        null,
        null,
        null
      ],
      "/Users/ryan/turing/4module/projects/koroibos_olympics/app/models/game.rb": [
        1,
        1,
        null,
        1,
        1,
        1,
        1,
        null
      ],
      "/Users/ryan/turing/4module/projects/koroibos_olympics/spec/models/game_sport_spec.rb": [
        1,
        null,
        1,
        1,
        2,
        2,
        null,
        null
      ],
      "/Users/ryan/turing/4module/projects/koroibos_olympics/app/models/game_sport.rb": [
        1,
        1,
        1,
        null
      ],
      "/Users/ryan/turing/4module/projects/koroibos_olympics/spec/models/olympian_event_spec.rb": [
        1,
        null,
        1,
        1,
        2,
        2,
        null,
        null
      ],
      "/Users/ryan/turing/4module/projects/koroibos_olympics/app/models/olympian_event.rb": [
        1,
        1,
        1,
        null
      ],
      "/Users/ryan/turing/4module/projects/koroibos_olympics/spec/models/olympian_games_spec.rb": [
        1,
        null,
        1,
        1,
        2,
        2,
        null,
        null
      ],
      "/Users/ryan/turing/4module/projects/koroibos_olympics/app/models/olympian_game.rb": [
        1,
        1,
        1,
        null
      ],
      "/Users/ryan/turing/4module/projects/koroibos_olympics/spec/models/olympian_spec.rb": [
        1,
        null,
        1,
        1,
        2,
        2,
        2,
        2,
        2,
        null,
        null,
        1,
        2,
        2,
        null,
        null,
        null,
        null
      ],
      "/Users/ryan/turing/4module/projects/koroibos_olympics/app/models/olympian.rb": [
        1,
        1,
        1,
        1,
        1,
        1,
        null,
        1,
        1,
        1,
        1,
        null
      ],
      "/Users/ryan/turing/4module/projects/koroibos_olympics/spec/models/sport_spec.rb": [
        1,
        null,
        1,
        1,
        2,
        null,
        null,
        1,
        2,
        2,
        null,
        null,
        null
      ],
      "/Users/ryan/turing/4module/projects/koroibos_olympics/app/models/sport.rb": [
        1,
        1,
        null,
        1,
        1,
        1,
        null
      ]
    },
    "timestamp": 1568678263
  }
}
